[2024-07-25 22:22:01,075] root -INFO - Training pipeline config: TrainingPipelineConfig(artifact_dir='C:\\Users\\prash\\Downloads\\Housing_mlops\\housing\\artifact')
[2024-07-25 22:22:01,761] root -INFO - Training pipeline config: TrainingPipelineConfig(artifact_dir='C:\\Users\\prash\\Downloads\\Housing_mlops\\housing\\artifact')
[2024-07-25 22:22:01,762] root -INFO - ====================Data Ingestion log started.====================
[2024-07-25 22:22:01,762] root -INFO - Data ingestion config: DataIngestionConfig(data_download_url='https://raw.githubusercontent.com/ageron/handson-ml/master/datasets/housing/housing.tgz', tgz_download_dir='C:\\Users\\prash\\Downloads\\Housing_mlops\\housing\\artifact\\data_ingestion\\2024-07-25-22-21-59\\tgz_data', raw_data_dir='C:\\Users\\prash\\Downloads\\Housing_mlops\\housing\\artifact\\data_ingestion\\2024-07-25-22-21-59\\raw_data', ingested_train_dir='C:\\Users\\prash\\Downloads\\Housing_mlops\\housing\\artifact\\data_ingestion\\2024-07-25-22-21-59\\ingested_data\\train', ingested_test_dir='C:\\Users\\prash\\Downloads\\Housing_mlops\\housing\\artifact\\data_ingestion\\2024-07-25-22-21-59\\ingested_data\\test')
[2024-07-25 22:22:01,764] root -INFO - Downloading file from :[https://raw.githubusercontent.com/ageron/handson-ml/master/datasets/housing/housing.tgz] into :[C:\Users\prash\Downloads\Housing_mlops\housing\artifact\data_ingestion\2024-07-25-22-21-59\tgz_data\housing.tgz]
[2024-07-25 22:22:02,047] root -INFO - File: [C:\Users\prash\Downloads\Housing_mlops\housing\artifact\data_ingestion\2024-07-25-22-21-59\tgz_data\housing.tgz] has been downloaded successfully
[2024-07-25 22:22:02,055] root -INFO - Extracting tgz file:[C:\Users\prash\Downloads\Housing_mlops\housing\artifact\data_ingestion\2024-07-25-22-21-59\tgz_data\housing.tgz] into: dir: [C:\Users\prash\Downloads\Housing_mlops\housing\artifact\data_ingestion\2024-07-25-22-21-59\raw_data]
[2024-07-25 22:22:02,086] root -INFO - Extraction completed
[2024-07-25 22:22:02,089] root -INFO - Reading csv file: [C:\Users\prash\Downloads\Housing_mlops\housing\artifact\data_ingestion\2024-07-25-22-21-59\raw_data\housing.csv]
[2024-07-25 22:22:02,156] root -INFO - Splitting data into train and test
[2024-07-25 22:22:02,170] root -INFO - Exporting train dataset to file : [C:\Users\prash\Downloads\Housing_mlops\housing\artifact\data_ingestion\2024-07-25-22-21-59\ingested_data\train\housing.csv]
[2024-07-25 22:22:02,301] root -INFO - Exporting train dataset to file : [C:\Users\prash\Downloads\Housing_mlops\housing\artifact\data_ingestion\2024-07-25-22-21-59\ingested_data\test\housing.csv]
[2024-07-25 22:22:02,330] root -INFO - Data ingestion artifact: [DataIngestionArtifact(train_file_path='C:\\Users\\prash\\Downloads\\Housing_mlops\\housing\\artifact\\data_ingestion\\2024-07-25-22-21-59\\ingested_data\\train\\housing.csv', test_file_path='C:\\Users\\prash\\Downloads\\Housing_mlops\\housing\\artifact\\data_ingestion\\2024-07-25-22-21-59\\ingested_data\\test\\housing.csv', is_ingested=True, message='Data ingestion completed successfully')]
[2024-07-25 22:22:02,331] root -INFO - ====================Data Ingestion log completed.==================== 


[2024-07-25 22:22:02,331] root -INFO - checking if training and test file are available
[2024-07-25 22:22:02,331] root -INFO - Is train and test file exists? -> True
[2024-07-25 22:22:03,228] root -INFO - Data Validation artifact: DataValidationArtifact(schema_file_path='C:\\Users\\prash\\Downloads\\Housing_mlops\\config\\schema.yaml', report_file_path='C:\\Users\\prash\\Downloads\\Housing_mlops\\housing\\artifact\\data_validation\\2024-07-25-22-21-59\\report.json', report_page_file_path='C:\\Users\\prash\\Downloads\\Housing_mlops\\housing\\artifact\\data_validation\\2024-07-25-22-21-59\\report.html', is_validated=True, message='Data Validation performed successfully')
[2024-07-25 22:22:03,229] root -INFO - ********************,Data Transformation process started ********************
[2024-07-25 22:22:03,230] root -INFO - Data Transformation config process completed DataTransformationConfig(add_bedroom_per_room=True, transformed_train_dir='C:\\Users\\prash\\Downloads\\Housing_mlops\\housing\\artifact\\data_transformation\\2024-07-25-22-21-59\\transformed_data\\train', transformed_test_dir='C:\\Users\\prash\\Downloads\\Housing_mlops\\housing\\artifact\\data_transformation\\2024-07-25-22-21-59\\transformed_data\\test', preprocessed_object_file_path='C:\\Users\\prash\\Downloads\\Housing_mlops\\housing\\artifact\\data_transformation\\2024-07-25-22-21-59\\preprocessed\\preprocessed.pkl')
[2024-07-25 22:22:03,230] root -INFO - >>>>>>>>>>>>>>>>>>>>>>>>>>>>>>>>>>>>>>>>>>>>>>>>>>>>>>>>>>>>Data Transformation log started.<<<<<<<<<<<<<<<<<<<<<<<<<<<<<<<<<<<<<<<<<<<<<<<<<<<<<<<<<<<<
[2024-07-25 22:22:03,241] root -INFO - Numerical columns: ['longitude', 'latitude', 'housing_median_age', 'total_rooms', 'total_bedrooms', 'population', 'households', 'median_income']
[2024-07-25 22:22:03,242] root -INFO - Categorical columns :['ocean_proximity']
[2024-07-25 22:22:03,242] root -INFO - ******************** pipeline of num anc cat created ********************
[2024-07-25 22:22:03,297] root -INFO - splitting the input and target feature from training and testing dataframe
[2024-07-25 22:22:03,299] root -INFO - applying preprocessing object on training and testing dataframe
[2024-07-25 22:22:03,368] root -INFO - Saving the transformed train and test array
[2024-07-25 22:22:03,392] root -INFO - saving the preprocessing object
[2024-07-25 22:22:03,399] root -INFO - Data Transformation artifact :DataTransformationArtifact(transformed_train_file_path='C:\\Users\\prash\\Downloads\\Housing_mlops\\housing\\artifact\\data_transformation\\2024-07-25-22-21-59\\transformed_data\\train\\housing.npz', transformed_test_file_path='C:\\Users\\prash\\Downloads\\Housing_mlops\\housing\\artifact\\data_transformation\\2024-07-25-22-21-59\\transformed_data\\test\\housing.npz', preprocessed_object_file_path='C:\\Users\\prash\\Downloads\\Housing_mlops\\housing\\artifact\\data_transformation\\2024-07-25-22-21-59\\preprocessed\\preprocessed.pkl', is_validated=True, message='Data transformation success')
[2024-07-25 22:22:03,400] root -INFO - ====================Data Transformation log completed.==================== 


[2024-07-25 22:22:03,400] root -INFO - ********************,Model Trainer process started ********************
[2024-07-25 22:22:03,400] root -INFO - model_trainer_config:ModelTrainerConfig(trained_model_file_path='C:\\Users\\prash\\Downloads\\Housing_mlops\\housing\\artifact\\model_training\\2024-07-25-22-21-59\\trained_model\\model.pkl', base_accuracy=0.6, model_config_file_path='config\\model.yaml')
[2024-07-25 22:22:03,401] root -INFO - >>>>>>>>>>>>>>>>>>>>>>>>>>>>>>>>>>>>>>>>>>>>>>>>>>>>>>>>>>>>Model trainer log started.<<<<<<<<<<<<<<<<<<<<<<<<<<<<<<<<<<<<<<<<<<<<<<<<<<<<<<<<<<<<
[2024-07-25 22:22:03,401] root -INFO - Loading transformed training dataset
[2024-07-25 22:22:03,406] root -INFO - Loading the transformed testing dataset
[2024-07-25 22:22:03,407] root -INFO - Splitting training and testing input and target feature
[2024-07-25 22:22:03,407] root -INFO - Extracting the model config file path
[2024-07-25 22:22:03,407] root -INFO - Initializing model factory class using above model config file :config\model.yaml
[2024-07-25 22:22:03,411] root -INFO - Expected accuracy: 0.6
[2024-07-25 22:22:03,411] root -INFO - Initiating operation model selection
[2024-07-25 22:22:03,411] root -INFO - Started Initializing model from config file
[2024-07-25 22:22:03,411] root -INFO - Executing command: from <module 'sklearn.linear_model' from 'c:\\Users\\prash\\Downloads\\Housing_mlops\\venv\\lib\\site-packages\\sklearn\\linear_model\\__init__.py'> import LinearRegression
[2024-07-25 22:22:03,414] root -INFO - Executing:$ LinearRegression().fit_intercept=True
[2024-07-25 22:22:03,753] root -INFO - Executing command: from <module 'sklearn.ensemble' from 'c:\\Users\\prash\\Downloads\\Housing_mlops\\venv\\lib\\site-packages\\sklearn\\ensemble\\__init__.py'> import RandomForestRegressor
[2024-07-25 22:22:03,755] root -INFO - Executing:$ RandomForestRegressor().n_estimators=100
[2024-07-25 22:22:03,756] root -INFO - Executing:$ RandomForestRegressor().min_sample_leaf=3
[2024-07-25 22:22:03,757] root -INFO - Initialized model: [InitializedModelDetail(model_serial_number='model_0', model=LinearRegression(), param_grid_search={'fit_intercept': [True, False]}, model_name='sklearn.linear_model.LinearRegression'), InitializedModelDetail(model_serial_number='model_1', model=RandomForestRegressor(), param_grid_search={'min_sample_leaf': -6}, model_name='sklearn.ensemble.RandomForestRegressor')]
[2024-07-25 22:22:03,758] root -INFO - Executing command: from <module 'sklearn.model_selection' from 'c:\\Users\\prash\\Downloads\\Housing_mlops\\venv\\lib\\site-packages\\sklearn\\model_selection\\__init__.py'> import GridSearchCV
[2024-07-25 22:22:03,760] root -INFO - Executing:$ GridSearchCV(estimator=LinearRegression(),
             param_grid={'fit_intercept': [True, False]}).cv=5
[2024-07-25 22:22:03,761] root -INFO - Executing:$ GridSearchCV(cv=5, estimator=LinearRegression(),
             param_grid={'fit_intercept': [True, False]}).verbose=2
[2024-07-25 22:22:03,761] root -INFO - >>>>>>>>>>>>>>>>>>>>>>>>>>>>>>>>>>>>>>>>>>>>>>>>>>>>>>>>>>>> f"Training LinearRegression Started." <<<<<<<<<<<<<<<<<<<<<<<<<<<<<<<<<<<<<<<<<<<<<<<<<<<<<<<<<<<<
[2024-07-25 22:22:03,902] root -INFO - Grid searched best model: [GridSearchedBestModel(model_serial_number='model_0', best_model=LinearRegression(fit_intercept=False), model=LinearRegression(), best_parameters={'fit_intercept': False}, best_score=0.6425567028055794)]
[2024-07-25 22:22:03,902] root -INFO - Accept model found:GridSearchedBestModel(model_serial_number='model_0', best_model=LinearRegression(fit_intercept=False), model=LinearRegression(), best_parameters={'fit_intercept': False}, best_score=0.6425567028055794)
[2024-07-25 22:22:03,903] root -INFO - Best model: GridSearchedBestModel(model_serial_number='model_0', best_model=LinearRegression(fit_intercept=False), model=LinearRegression(), best_parameters={'fit_intercept': False}, best_score=0.6425567028055794)
[2024-07-25 22:22:03,903] root -INFO - Best model found on training dataset: GridSearchedBestModel(model_serial_number='model_0', best_model=LinearRegression(fit_intercept=False), model=LinearRegression(), best_parameters={'fit_intercept': False}, best_score=0.6425567028055794)
[2024-07-25 22:22:03,903] root -INFO - Extracting trained model list
[2024-07-25 22:22:03,903] root -INFO - Evaluation all trained model on training and testing dataset both
[2024-07-25 22:22:03,903] root -INFO - >>>>>>>>>>>>>>>>>>>>>>>>>>>>>>>>>>>>>>>>>>>>>>>>>>>>>>>>>>>>Started evaluating model: [LinearRegression]<<<<<<<<<<<<<<<<<<<<<<<<<<<<<<<<<<<<<<<<<<<<<<<<<<<<<<<<<<<<
[2024-07-25 22:22:03,906] root -INFO - >>>>>>>>>>>>>>>>>>>>>>>>>>>>>>>>>>>>>>>>>>>>>>>>>>>>>>>>>>>>>>>>>>>>>>>>>>>>>>>>>>>>>>>>>> Score <<<*30
[2024-07-25 22:22:03,906] root -INFO - Train Score 		 Test Score 		 Average Score
[2024-07-25 22:22:03,906] root -INFO - 0.6481553634454353		 0.656459976479592 		 0.6522812381877459
[2024-07-25 22:22:03,906] root -INFO - >>>>>>>>>>>>>>>>>>>>>>>>>>>>>>>>>>>>>>>>>>>>>>>>>>>>>>>>>>>>>>>>>>>>>>>>>>>>>>>>>>>>>>>>>> Loss <<<*30
[2024-07-25 22:22:03,906] root -INFO - Diff test and train accuracy: [0.008304613034156638]
[2024-07-25 22:22:03,906] root -INFO - Train root mean squared error: [68627.87390018745].
[2024-07-25 22:22:03,906] root -INFO - Test root mean squared error:[66913.4419132093].
[2024-07-25 22:22:03,907] root -INFO - Acceptable model found MetricInfoArtifact(model_name='LinearRegression(fit_intercept=False)', model_object=LinearRegression(fit_intercept=False), train_rmse=68627.87390018745, test_rmse=66913.4419132093, train_accuracy=0.6481553634454353, test_accuracy=0.656459976479592, model_accuracy=0.6522812381877459, index_number=0).
[2024-07-25 22:22:03,907] root -INFO - Best found model on both training and testing dataset.
[2024-07-25 22:22:03,908] root -INFO - saving model at path:C:\Users\prash\Downloads\Housing_mlops\housing\artifact\model_training\2024-07-25-22-21-59\trained_model\model.pkl
[2024-07-25 22:22:03,919] root -INFO - Model Trainer ArtifactModelTrainerArtifact(is_trained=True, message='Model Trained successfully', trained_model_file_path='C:\\Users\\prash\\Downloads\\Housing_mlops\\housing\\artifact\\model_training\\2024-07-25-22-21-59\\trained_model\\model.pkl', train_rmse=68627.87390018745, test_rmse=66913.4419132093, train_accuracy=0.6481553634454353, test_accuracy=0.656459976479592, model_accuracy=0.6522812381877459)
[2024-07-25 22:22:03,919] root -INFO - >>>>>>>>>>>>>>>>>>>>>>>>>>>>>>>>>>>>>>>>>>>>>>>>>>>>>>>>>>>>Model trainer log completed.<<<<<<<<<<<<<<<<<<<<<<<<<<<<<<<<<<<<<<<<<<<<<<<<<<<<<<<<<<<< 
[2024-07-25 22:22:03,919] root -INFO - ********************,Model Evaluation process started ********************
[2024-07-25 22:22:03,919] root -INFO - Model evaluation config: ModelEvaluationConfig(model_evaluation_file_path='C:\\Users\\prash\\Downloads\\Housing_mlops\\housing\\artifact\\model_evaluation\\model_evaluation.yaml', time_stamp='2024-07-25-22-21-59').
[2024-07-25 22:22:03,919] root -INFO - >>>>>>>>>>>>>>>>>>>>>>>>>>>>>>>>>>>>>>>>>>>>>>>>>>>>>>>>>>>>Model Evaluation log started.<<<<<<<<<<<<<<<<<<<<<<<<<<<<<<<<<<<<<<<<<<<<<<<<<<<<<<<<<<<<
[2024-07-25 22:22:03,960] root -INFO - Converting the target columns into numpy array
[2024-07-25 22:22:03,960] root -INFO - Conversion complete target column into numpy array.
[2024-07-25 22:22:03,960] root -INFO - Dropping target columns from the dataframe
[2024-07-25 22:22:03,962] root -INFO - Dropping target columns from the dataframe completed
[2024-07-25 22:22:03,972] root -INFO - Not found any existing model. Hence accept the trained model
[2024-07-25 22:22:03,973] root -INFO - Previous eval result : {}
[2024-07-25 22:22:03,973] root -INFO - Update eval result:{'best_model': {'model_path': 'C:\\Users\\prash\\Downloads\\Housing_mlops\\housing\\artifact\\model_training\\2024-07-25-22-21-59\\trained_model\\model.pkl'}}
[2024-07-25 22:22:03,975] root -INFO - Model accepted, Model evel artifactModelEvaluationArtifact(is_model_accepted=True, evaluated_model_path='C:\\Users\\prash\\Downloads\\Housing_mlops\\housing\\artifact\\model_training\\2024-07-25-22-21-59\\trained_model\\model.pkl') created 
[2024-07-25 22:22:03,975] root -INFO - =*20 Model Evaluation log completed.==================== 
[2024-07-25 22:22:03,975] root -INFO - Model Pusher config ModelPusherConfig(export_dir_path='C:\\Users\\prash\\Downloads\\Housing_mlops\\saved_models\\20240725222203')
[2024-07-25 22:22:03,975] root -INFO - >>>>>>>>>>>>>>>>>>>>>>>>>>>>>>>>>>>>>>>>>>>>>>>>>>>>>>>>>>>>Model Pusher Log Started<<<<<<<<<<<<<<<<<<<<<<<<<<<<<<<<<<<<<<<<<<<<<<<<<<<<<<<<<<<<
[2024-07-25 22:22:03,975] root -INFO - Exporting model file: [C:\Users\prash\Downloads\Housing_mlops\saved_models\20240725222203\model.pkl]
[2024-07-25 22:22:03,980] root -INFO - Trained model: C:\Users\prash\Downloads\Housing_mlops\housing\artifact\model_training\2024-07-25-22-21-59\trained_model\model.pkl is copied in export dir: [C:\Users\prash\Downloads\Housing_mlops\saved_models\20240725222203\model.pkl]
[2024-07-25 22:22:03,980] root -INFO - Model pusher artifact :[ModelPusherArtifact(is_model_pusher=True, export_model_file_path='C:\\Users\\prash\\Downloads\\Housing_mlops\\saved_models\\20240725222203\\model.pkl')]
[2024-07-25 22:22:03,980] root -INFO - >>>>>>>>>>>>>>>>>>>>>>>>>>>>>>>>>>>>>>>>>>>>>>>>>>>>>>>>>>>>Model Pusher Log Completed<<<<<<<<<<<<<<<<<<<<<<<<<<<<<<<<<<<<<<<<<<<<<<<<<<<<<<<<<<<<
[2024-07-25 22:22:03,980] root -INFO - Model pusher artifact: ModelPusherArtifact(is_model_pusher=True, export_model_file_path='C:\\Users\\prash\\Downloads\\Housing_mlops\\saved_models\\20240725222203\\model.pkl')
[2024-07-25 22:22:03,980] root -INFO - Pipeline completed
