[2024-05-27 19:15:47,495] root -INFO - Training pipeline config: TrainingPipelineConfig(artifact_dir='C:\\Users\\prash\\Downloads\\Housing_mlops\\housing\\artifact')
[2024-05-27 19:15:48,184] root -INFO - Training pipeline config: TrainingPipelineConfig(artifact_dir='C:\\Users\\prash\\Downloads\\Housing_mlops\\housing\\artifact')
[2024-05-27 19:15:48,184] root -INFO - ====================Data Ingestion log started.====================
[2024-05-27 19:15:48,185] root -INFO - Data ingestion config: DataIngestionConfig(data_download_url='https://raw.githubusercontent.com/ageron/handson-ml/master/datasets/housing/housing.tgz', tgz_download_dir='C:\\Users\\prash\\Downloads\\Housing_mlops\\housing\\artifact\\data_ingestion\\2024-05-27-19-15-46\\tgz_data', raw_data_dir='C:\\Users\\prash\\Downloads\\Housing_mlops\\housing\\artifact\\data_ingestion\\2024-05-27-19-15-46\\raw_data', ingested_train_dir='C:\\Users\\prash\\Downloads\\Housing_mlops\\housing\\artifact\\data_ingestion\\2024-05-27-19-15-46\\ingested_data\\train', ingested_test_dir='C:\\Users\\prash\\Downloads\\Housing_mlops\\housing\\artifact\\data_ingestion\\2024-05-27-19-15-46\\ingested_data\\test')
[2024-05-27 19:15:48,188] root -INFO - Downloading file from :[https://raw.githubusercontent.com/ageron/handson-ml/master/datasets/housing/housing.tgz] into :[C:\Users\prash\Downloads\Housing_mlops\housing\artifact\data_ingestion\2024-05-27-19-15-46\tgz_data\housing.tgz]
[2024-05-27 19:15:48,392] root -INFO - File: [C:\Users\prash\Downloads\Housing_mlops\housing\artifact\data_ingestion\2024-05-27-19-15-46\tgz_data\housing.tgz] has been downloaded successfully
[2024-05-27 19:15:48,400] root -INFO - Extracting tgz file:[C:\Users\prash\Downloads\Housing_mlops\housing\artifact\data_ingestion\2024-05-27-19-15-46\tgz_data\housing.tgz] into: dir: [C:\Users\prash\Downloads\Housing_mlops\housing\artifact\data_ingestion\2024-05-27-19-15-46\raw_data]
[2024-05-27 19:15:48,449] root -INFO - Extraction completed
[2024-05-27 19:15:48,450] root -INFO - Reading csv file: [C:\Users\prash\Downloads\Housing_mlops\housing\artifact\data_ingestion\2024-05-27-19-15-46\raw_data\housing.csv]
[2024-05-27 19:15:48,499] root -INFO - Splitting data into train and test
[2024-05-27 19:15:48,514] root -INFO - Exporting train dataset to file : [C:\Users\prash\Downloads\Housing_mlops\housing\artifact\data_ingestion\2024-05-27-19-15-46\ingested_data\train\housing.csv]
[2024-05-27 19:15:48,757] root -INFO - Exporting train dataset to file : [C:\Users\prash\Downloads\Housing_mlops\housing\artifact\data_ingestion\2024-05-27-19-15-46\ingested_data\test\housing.csv]
[2024-05-27 19:15:48,815] root -INFO - Data ingestion artifact: [DataIngestionArtifact(train_file_path='C:\\Users\\prash\\Downloads\\Housing_mlops\\housing\\artifact\\data_ingestion\\2024-05-27-19-15-46\\ingested_data\\train\\housing.csv', test_file_path='C:\\Users\\prash\\Downloads\\Housing_mlops\\housing\\artifact\\data_ingestion\\2024-05-27-19-15-46\\ingested_data\\test\\housing.csv', is_ingested=True, message='Data ingestion completed successfully')]
[2024-05-27 19:15:48,816] root -INFO - ====================Data Ingestion log completed.==================== 


[2024-05-27 19:15:48,816] root -INFO - checking if training and test file are available
[2024-05-27 19:15:48,816] root -INFO - Is train and test file exists? -> True
[2024-05-27 19:15:50,330] root -INFO - Data Validation artifact: DataValidationArtifact(schema_file_path='C:\\Users\\prash\\Downloads\\Housing_mlops\\config\\schema.yaml', report_file_path='C:\\Users\\prash\\Downloads\\Housing_mlops\\housing\\artifact\\data_validation\\2024-05-27-19-15-46\\report.json', report_page_file_path='C:\\Users\\prash\\Downloads\\Housing_mlops\\housing\\artifact\\data_validation\\2024-05-27-19-15-46\\report.html', is_validated=True, message='Data Validation performed successfully')
[2024-05-27 19:15:50,331] root -INFO - ********************,Data Transformation process started ********************
[2024-05-27 19:15:50,331] root -INFO - Data Transformation config process completed DataTransformationConfig(add_bedroom_per_room=True, transformed_train_dir='C:\\Users\\prash\\Downloads\\Housing_mlops\\housing\\artifact\\data_transformation\\2024-05-27-19-15-46\\transformed_data\\train', transformed_test_dir='C:\\Users\\prash\\Downloads\\Housing_mlops\\housing\\artifact\\data_transformation\\2024-05-27-19-15-46\\transformed_data\\test', preprocessed_object_file_path='C:\\Users\\prash\\Downloads\\Housing_mlops\\housing\\artifact\\data_transformation\\2024-05-27-19-15-46\\preprocessed\\preprocessed.pkl')
[2024-05-27 19:15:50,332] root -INFO - >>>>>>>>>>>>>>>>>>>>>>>>>>>>>>>>>>>>>>>>>>>>>>>>>>>>>>>>>>>>Data Transformation log started.<<<<<<<<<<<<<<<<<<<<<<<<<<<<<<<<<<<<<<<<<<<<<<<<<<<<<<<<<<<<
