[2024-07-21 22:44:03,811] root -INFO - Training pipeline config: TrainingPipelineConfig(artifact_dir='C:\\Users\\prash\\Downloads\\Housing_mlops\\housing\\artifact')
[2024-07-21 22:44:04,618] root -INFO - Training pipeline config: TrainingPipelineConfig(artifact_dir='C:\\Users\\prash\\Downloads\\Housing_mlops\\housing\\artifact')
[2024-07-21 22:44:04,618] root -INFO - ====================Data Ingestion log started.====================
[2024-07-21 22:44:04,618] root -INFO - Data ingestion config: DataIngestionConfig(data_download_url='https://raw.githubusercontent.com/ageron/handson-ml/master/datasets/housing/housing.tgz', tgz_download_dir='C:\\Users\\prash\\Downloads\\Housing_mlops\\housing\\artifact\\data_ingestion\\2024-07-21-22-44-02\\tgz_data', raw_data_dir='C:\\Users\\prash\\Downloads\\Housing_mlops\\housing\\artifact\\data_ingestion\\2024-07-21-22-44-02\\raw_data', ingested_train_dir='C:\\Users\\prash\\Downloads\\Housing_mlops\\housing\\artifact\\data_ingestion\\2024-07-21-22-44-02\\ingested_data\\train', ingested_test_dir='C:\\Users\\prash\\Downloads\\Housing_mlops\\housing\\artifact\\data_ingestion\\2024-07-21-22-44-02\\ingested_data\\test')
[2024-07-21 22:44:04,622] root -INFO - Downloading file from :[https://raw.githubusercontent.com/ageron/handson-ml/master/datasets/housing/housing.tgz] into :[C:\Users\prash\Downloads\Housing_mlops\housing\artifact\data_ingestion\2024-07-21-22-44-02\tgz_data\housing.tgz]
[2024-07-21 22:44:05,204] root -INFO - File: [C:\Users\prash\Downloads\Housing_mlops\housing\artifact\data_ingestion\2024-07-21-22-44-02\tgz_data\housing.tgz] has been downloaded successfully
[2024-07-21 22:44:05,207] root -INFO - Extracting tgz file:[C:\Users\prash\Downloads\Housing_mlops\housing\artifact\data_ingestion\2024-07-21-22-44-02\tgz_data\housing.tgz] into: dir: [C:\Users\prash\Downloads\Housing_mlops\housing\artifact\data_ingestion\2024-07-21-22-44-02\raw_data]
[2024-07-21 22:44:05,241] root -INFO - Extraction completed
[2024-07-21 22:44:05,241] root -INFO - Reading csv file: [C:\Users\prash\Downloads\Housing_mlops\housing\artifact\data_ingestion\2024-07-21-22-44-02\raw_data\housing.csv]
[2024-07-21 22:44:05,279] root -INFO - Splitting data into train and test
[2024-07-21 22:44:05,294] root -INFO - Exporting train dataset to file : [C:\Users\prash\Downloads\Housing_mlops\housing\artifact\data_ingestion\2024-07-21-22-44-02\ingested_data\train\housing.csv]
[2024-07-21 22:44:05,542] root -INFO - Exporting train dataset to file : [C:\Users\prash\Downloads\Housing_mlops\housing\artifact\data_ingestion\2024-07-21-22-44-02\ingested_data\test\housing.csv]
[2024-07-21 22:44:05,582] root -INFO - Data ingestion artifact: [DataIngestionArtifact(train_file_path='C:\\Users\\prash\\Downloads\\Housing_mlops\\housing\\artifact\\data_ingestion\\2024-07-21-22-44-02\\ingested_data\\train\\housing.csv', test_file_path='C:\\Users\\prash\\Downloads\\Housing_mlops\\housing\\artifact\\data_ingestion\\2024-07-21-22-44-02\\ingested_data\\test\\housing.csv', is_ingested=True, message='Data ingestion completed successfully')]
[2024-07-21 22:44:05,583] root -INFO - ====================Data Ingestion log completed.==================== 


[2024-07-21 22:44:05,583] root -INFO - checking if training and test file are available
[2024-07-21 22:44:05,583] root -INFO - Is train and test file exists? -> True
[2024-07-21 22:44:06,761] root -INFO - Data Validation artifact: DataValidationArtifact(schema_file_path='C:\\Users\\prash\\Downloads\\Housing_mlops\\config\\schema.yaml', report_file_path='C:\\Users\\prash\\Downloads\\Housing_mlops\\housing\\artifact\\data_validation\\2024-07-21-22-44-02\\report.json', report_page_file_path='C:\\Users\\prash\\Downloads\\Housing_mlops\\housing\\artifact\\data_validation\\2024-07-21-22-44-02\\report.html', is_validated=True, message='Data Validation performed successfully')
[2024-07-21 22:44:06,761] root -INFO - ********************,Data Transformation process started ********************
[2024-07-21 22:44:06,761] root -INFO - Data Transformation config process completed DataTransformationConfig(add_bedroom_per_room=True, transformed_train_dir='C:\\Users\\prash\\Downloads\\Housing_mlops\\housing\\artifact\\data_transformation\\2024-07-21-22-44-02\\transformed_data\\train', transformed_test_dir='C:\\Users\\prash\\Downloads\\Housing_mlops\\housing\\artifact\\data_transformation\\2024-07-21-22-44-02\\transformed_data\\test', preprocessed_object_file_path='C:\\Users\\prash\\Downloads\\Housing_mlops\\housing\\artifact\\data_transformation\\2024-07-21-22-44-02\\preprocessed\\preprocessed.pkl')
[2024-07-21 22:44:06,761] root -INFO - >>>>>>>>>>>>>>>>>>>>>>>>>>>>>>>>>>>>>>>>>>>>>>>>>>>>>>>>>>>>Data Transformation log started.<<<<<<<<<<<<<<<<<<<<<<<<<<<<<<<<<<<<<<<<<<<<<<<<<<<<<<<<<<<<
[2024-07-21 22:44:06,770] root -INFO - Numerical columns: ['longitude', 'latitude', 'housing_median_age', 'total_rooms', 'total_bedrooms', 'population', 'households', 'median_income']
[2024-07-21 22:44:06,770] root -INFO - Categorical columns :['ocean_proximity']
[2024-07-21 22:44:06,770] root -INFO - ******************** pipeline of num anc cat created ********************
[2024-07-21 22:44:06,852] root -INFO - splitting the input and target feature from training and testing dataframe
[2024-07-21 22:44:06,854] root -INFO - applying preprocessing object on training and testing dataframe
[2024-07-21 22:44:06,917] root -INFO - Saving the transformed train and test array
[2024-07-21 22:44:06,926] root -INFO - saving the preprocessing object
[2024-07-21 22:44:06,932] root -INFO - Data Transformation artifact :DataTransformationArtifact(transformed_train_file_path='C:\\Users\\prash\\Downloads\\Housing_mlops\\housing\\artifact\\data_transformation\\2024-07-21-22-44-02\\transformed_data\\train\\housing.npz', transformed_test_file_path='C:\\Users\\prash\\Downloads\\Housing_mlops\\housing\\artifact\\data_transformation\\2024-07-21-22-44-02\\transformed_data\\test\\housing.npz', preprocessed_object_file_path='C:\\Users\\prash\\Downloads\\Housing_mlops\\housing\\artifact\\data_transformation\\2024-07-21-22-44-02\\preprocessed\\preprocessed.pkl', is_validated=True, message='Data transformation success')
[2024-07-21 22:44:06,933] root -INFO - ====================Data Transformation log completed.==================== 


[2024-07-21 22:44:06,933] root -INFO - ********************,Model Trainer process started ********************
